2016-11-20 18:23:48 - PHP Notice:  Undefined index: xml in W:\domains\trysi\admin\model\extension\modification.php on line 4
2016-11-20 18:23:48 - PHP Warning:  Cannot modify header information - headers already sent by (output started at W:\domains\trysi\admin\index.php:80) in W:\domains\trysi\system\library\response.php on line 12
2016-11-20 18:25:48 - PHP Notice:  Error: Unknown column 'group' in 'where clause'<br />Error No: 1054<br />UPDATE oc_setting SET `value` = '874' WHERE `group` = 'config' AND `key` = 'config_image_category_width' AND store_id = '0' in W:\domains\trysi\system\library\db\mysqli.php on line 41
2016-11-20 18:25:48 - PHP Notice:  Error: Unknown column 'group' in 'where clause'<br />Error No: 1054<br />UPDATE oc_setting SET `value` = '251' WHERE `group` = 'config' AND `key` = 'config_image_category_height' AND store_id = '0' in W:\domains\trysi\system\library\db\mysqli.php on line 41
2016-11-20 18:25:48 - PHP Notice:  Error: Unknown column 'group' in 'where clause'<br />Error No: 1054<br />UPDATE oc_setting SET `value` = '500' WHERE `group` = 'config' AND `key` = 'config_image_thumb_width' AND store_id = '0' in W:\domains\trysi\system\library\db\mysqli.php on line 41
2016-11-20 18:25:48 - PHP Notice:  Error: Unknown column 'group' in 'where clause'<br />Error No: 1054<br />UPDATE oc_setting SET `value` = '612' WHERE `group` = 'config' AND `key` = 'config_image_thumb_height' AND store_id = '0' in W:\domains\trysi\system\library\db\mysqli.php on line 41
2016-11-20 18:25:48 - PHP Notice:  Error: Unknown column 'group' in 'where clause'<br />Error No: 1054<br />UPDATE oc_setting SET `value` = '500' WHERE `group` = 'config' AND `key` = 'config_image_popup_width' AND store_id = '0' in W:\domains\trysi\system\library\db\mysqli.php on line 41
2016-11-20 18:25:48 - PHP Notice:  Error: Unknown column 'group' in 'where clause'<br />Error No: 1054<br />UPDATE oc_setting SET `value` = '612' WHERE `group` = 'config' AND `key` = 'config_image_popup_height' AND store_id = '0' in W:\domains\trysi\system\library\db\mysqli.php on line 41
2016-11-20 18:25:48 - PHP Notice:  Error: Unknown column 'group' in 'where clause'<br />Error No: 1054<br />UPDATE oc_setting SET `value` = '500' WHERE `group` = 'config' AND `key` = 'config_image_product_width' AND store_id = '0' in W:\domains\trysi\system\library\db\mysqli.php on line 41
2016-11-20 18:25:48 - PHP Notice:  Error: Unknown column 'group' in 'where clause'<br />Error No: 1054<br />UPDATE oc_setting SET `value` = '612' WHERE `group` = 'config' AND `key` = 'config_image_product_height' AND store_id = '0' in W:\domains\trysi\system\library\db\mysqli.php on line 41
2016-11-20 18:25:48 - PHP Notice:  Error: Unknown column 'group' in 'where clause'<br />Error No: 1054<br />UPDATE oc_setting SET `value` = '68' WHERE `group` = 'config' AND `key` = 'config_image_additional_width' AND store_id = '0' in W:\domains\trysi\system\library\db\mysqli.php on line 41
2016-11-20 18:25:48 - PHP Notice:  Error: Unknown column 'group' in 'where clause'<br />Error No: 1054<br />UPDATE oc_setting SET `value` = '83' WHERE `group` = 'config' AND `key` = 'config_image_additional_height' AND store_id = '0' in W:\domains\trysi\system\library\db\mysqli.php on line 41
2016-11-20 18:25:48 - PHP Notice:  Error: Unknown column 'group' in 'where clause'<br />Error No: 1054<br />UPDATE oc_setting SET `value` = '500' WHERE `group` = 'config' AND `key` = 'config_image_related_width' AND store_id = '0' in W:\domains\trysi\system\library\db\mysqli.php on line 41
2016-11-20 18:25:48 - PHP Notice:  Error: Unknown column 'group' in 'where clause'<br />Error No: 1054<br />UPDATE oc_setting SET `value` = '612' WHERE `group` = 'config' AND `key` = 'config_image_related_height' AND store_id = '0' in W:\domains\trysi\system\library\db\mysqli.php on line 41
2016-11-20 18:25:48 - PHP Notice:  Error: Unknown column 'group' in 'where clause'<br />Error No: 1054<br />UPDATE oc_setting SET `value` = '70' WHERE `group` = 'config' AND `key` = 'config_image_compare_width' AND store_id = '0' in W:\domains\trysi\system\library\db\mysqli.php on line 41
2016-11-20 18:25:48 - PHP Notice:  Error: Unknown column 'group' in 'where clause'<br />Error No: 1054<br />UPDATE oc_setting SET `value` = '86' WHERE `group` = 'config' AND `key` = 'config_image_compare_height' AND store_id = '0' in W:\domains\trysi\system\library\db\mysqli.php on line 41
2016-11-20 18:25:48 - PHP Notice:  Error: Unknown column 'group' in 'where clause'<br />Error No: 1054<br />UPDATE oc_setting SET `value` = '70' WHERE `group` = 'config' AND `key` = 'config_image_wishlist_width' AND store_id = '0' in W:\domains\trysi\system\library\db\mysqli.php on line 41
2016-11-20 18:25:48 - PHP Notice:  Error: Unknown column 'group' in 'where clause'<br />Error No: 1054<br />UPDATE oc_setting SET `value` = '86' WHERE `group` = 'config' AND `key` = 'config_image_wishlist_height' AND store_id = '0' in W:\domains\trysi\system\library\db\mysqli.php on line 41
2016-11-20 18:25:48 - PHP Notice:  Error: Unknown column 'group' in 'where clause'<br />Error No: 1054<br />UPDATE oc_setting SET `value` = '70' WHERE `group` = 'config' AND `key` = 'config_image_cart_width' AND store_id = '0' in W:\domains\trysi\system\library\db\mysqli.php on line 41
2016-11-20 18:25:48 - PHP Notice:  Error: Unknown column 'group' in 'where clause'<br />Error No: 1054<br />UPDATE oc_setting SET `value` = '86' WHERE `group` = 'config' AND `key` = 'config_image_cart_height' AND store_id = '0' in W:\domains\trysi\system\library\db\mysqli.php on line 41
2016-11-20 18:28:41 - PHP Warning:  array_merge() [<a href='function.array-merge'>function.array-merge</a>]: Argument #2 is not an array in W:\domains\trysi\admin\controller\module\pavreassurance.php on line 164
2016-11-20 18:28:41 - PHP Warning:  array_merge() [<a href='function.array-merge'>function.array-merge</a>]: Argument #2 is not an array in W:\domains\trysi\admin\controller\module\pavreassurance.php on line 164
2016-11-20 18:28:47 - PHP Notice:  Undefined index: pavreassurances in W:\domains\trysi\admin\controller\module\pavreassurance.php on line 46
2016-11-20 18:28:47 - PHP Warning:  Invalid argument supplied for foreach() in W:\domains\trysi\admin\controller\module\pavreassurance.php on line 46
2016-11-20 18:28:47 - PHP Warning:  Cannot modify header information - headers already sent by (output started at W:\domains\trysi\admin\index.php:80) in W:\domains\trysi\system\library\response.php on line 12
2016-11-20 18:29:01 - PHP Notice:  Undefined index: pavreassurances in W:\domains\trysi\admin\controller\module\pavreassurance.php on line 46
2016-11-20 18:29:01 - PHP Warning:  Invalid argument supplied for foreach() in W:\domains\trysi\admin\controller\module\pavreassurance.php on line 46
2016-11-20 18:29:01 - PHP Warning:  Cannot modify header information - headers already sent by (output started at W:\domains\trysi\admin\index.php:80) in W:\domains\trysi\system\library\response.php on line 12
2016-11-20 18:29:25 - PHP Warning:  array_merge() [<a href='function.array-merge'>function.array-merge</a>]: Argument #2 is not an array in W:\domains\trysi\admin\controller\module\pavcarousel.php on line 105
2016-11-20 18:29:25 - PHP Warning:  array_merge() [<a href='function.array-merge'>function.array-merge</a>]: Argument #2 is not an array in W:\domains\trysi\admin\controller\module\pavcarousel.php on line 105
2016-11-20 18:29:42 - PHP Warning:  array_merge() [<a href='function.array-merge'>function.array-merge</a>]: Argument #2 is not an array in W:\domains\trysi\admin\controller\module\pavcarousel.php on line 105
2016-11-20 18:29:42 - PHP Warning:  array_merge() [<a href='function.array-merge'>function.array-merge</a>]: Argument #2 is not an array in W:\domains\trysi\admin\controller\module\pavcarousel.php on line 105
2016-11-20 18:29:46 - PHP Warning:  array_merge() [<a href='function.array-merge'>function.array-merge</a>]: Argument #2 is not an array in W:\domains\trysi\admin\controller\module\pavcarousel.php on line 105
2016-11-20 18:29:49 - PHP Warning:  array_merge() [<a href='function.array-merge'>function.array-merge</a>]: Argument #2 is not an array in W:\domains\trysi\admin\controller\module\pavcarousel.php on line 105
2016-11-20 18:43:41 - PHP Notice:  Undefined index: pavreassurances in W:\domains\trysi\admin\controller\module\pavreassurance.php on line 46
2016-11-20 18:43:41 - PHP Warning:  Invalid argument supplied for foreach() in W:\domains\trysi\admin\controller\module\pavreassurance.php on line 46
2016-11-20 18:43:41 - PHP Warning:  Cannot modify header information - headers already sent by (output started at W:\domains\trysi\admin\index.php:80) in W:\domains\trysi\system\library\response.php on line 12
2016-11-20 18:49:30 - PHP Warning:  array_merge() [<a href='function.array-merge'>function.array-merge</a>]: Argument #1 is not an array in W:\domains\trysi\admin\controller\module\pavtestimonial.php on line 96
2016-11-20 18:49:30 - PHP Warning:  Invalid argument supplied for foreach() in W:\domains\trysi\admin\view\template\module\pavtestimonial.tpl on line 113
2016-11-20 18:49:30 - PHP Warning:  Invalid argument supplied for foreach() in W:\domains\trysi\admin\view\template\module\pavtestimonial.tpl on line 123
2016-11-20 18:49:30 - PHP Warning:  Invalid argument supplied for foreach() in W:\domains\trysi\admin\view\template\module\pavtestimonial.tpl on line 272
2016-11-20 18:49:30 - PHP Warning:  array_merge() [<a href='function.array-merge'>function.array-merge</a>]: Argument #1 is not an array in W:\domains\trysi\admin\controller\module\pavtestimonial.php on line 96
2016-11-20 18:49:30 - PHP Warning:  Invalid argument supplied for foreach() in W:\domains\trysi\admin\view\template\module\pavtestimonial.tpl on line 113
2016-11-20 18:49:30 - PHP Warning:  Invalid argument supplied for foreach() in W:\domains\trysi\admin\view\template\module\pavtestimonial.tpl on line 123
2016-11-20 18:49:30 - PHP Warning:  Invalid argument supplied for foreach() in W:\domains\trysi\admin\view\template\module\pavtestimonial.tpl on line 272
2016-11-20 19:06:51 - PHP Notice:  Undefined variable: captcha in W:\domains\trysi\catalog\view\theme\pav_clothes\template\product\product_detail_hitech.tpl on line 320
2016-11-20 19:14:50 - PHP Warning:  array_merge() [<a href='function.array-merge'>function.array-merge</a>]: Argument #2 is not an array in W:\domains\trysi\admin\controller\module\pavcustom.php on line 97
2016-11-20 19:14:50 - PHP Notice:  Undefined index: module_class in W:\domains\trysi\admin\view\template\module\pavcustom.tpl on line 154
2016-11-20 19:14:50 - PHP Notice:  Undefined index: show_title in W:\domains\trysi\admin\view\template\module\pavcustom.tpl on line 161
2016-11-20 21:54:47 - PHP Notice:  Undefined variable: captcha in W:\domains\trysi\catalog\view\theme\pav_clothes\template\product\product_detail_hitech.tpl on line 320
2016-11-20 23:59:19 - PHP Notice:  Undefined index: custom_email_config in W:\domains\trysi\admin\view\template\module\pavnewsletter\config.tpl on line 57
2016-11-21 0:30:00 - PHP Notice:  Undefined variable: captcha in W:\domains\trysi\catalog\view\theme\pav_clothes\template\product\product_detail_hitech.tpl on line 320
2016-11-21 13:18:29 - PHP Warning:  array_merge() [<a href='function.array-merge'>function.array-merge</a>]: Argument #2 is not an array in /home/c/ch82757/trysi.ch82757.tmweb.ru/public_html/admin/controller/module/pavpopulartags.php on line 130
2016-11-21 13:22:26 - PHP Notice:  Undefined variable: config in /home/c/ch82757/trysi.ch82757.tmweb.ru/public_html/catalog/view/theme/pav_clothes/template/pavblog/category.tpl on line 51
2016-11-21 13:28:08 - PHP Notice:  Undefined index: list in /home/c/ch82757/trysi.ch82757.tmweb.ru/public_html/admin/controller/module/pavblog.php on line 221
2016-11-21 13:29:24 - PHP Notice:  Undefined variable: config in /home/c/ch82757/trysi.ch82757.tmweb.ru/public_html/catalog/view/theme/pav_clothes/template/pavblog/category.tpl on line 51
2016-11-21 13:30:52 - PHP Notice:  Undefined variable: config in /home/c/ch82757/trysi.ch82757.tmweb.ru/public_html/catalog/view/theme/pav_clothes/template/pavblog/category.tpl on line 51
2016-11-21 13:32:42 - PHP Notice:  Undefined variable: config in /home/c/ch82757/trysi.ch82757.tmweb.ru/public_html/catalog/view/theme/pav_clothes/template/pavblog/category.tpl on line 51
2016-11-21 13:36:07 - PHP Notice:  Undefined variable: config in /home/c/ch82757/trysi.ch82757.tmweb.ru/public_html/catalog/view/theme/pav_clothes/template/pavblog/category.tpl on line 51
